sample.interval=20000
"nchar" ".rs.startsWith" ".rs.fuzzyMatches" ".rs.getCompletionsSearchPath" "Reduce" "<Anonymous>" 
"grep" "ls" "FUN" "lapply" ".rs.objectsOnSearchPath" ".rs.getCompletionsSearchPath" "Reduce" "<Anonymous>" 
"stopifnot" "TextDocumentMeta" "PlainTextDocument" "<Anonymous>" "<Anonymous>" "mapply" "VCorpus" "createDTM" 
"unique.default" "unique" "PlainTextDocument" "<Anonymous>" "<Anonymous>" "mapply" "VCorpus" "createDTM" 
"TextDocumentMeta" "PlainTextDocument" "<Anonymous>" "<Anonymous>" "mapply" "VCorpus" "createDTM" 
"as.POSIXlt.POSIXct" "as.POSIXlt" "TextDocumentMeta" "PlainTextDocument" "<Anonymous>" "<Anonymous>" "mapply" "VCorpus" "createDTM" 
"unique.default" "unique" "PlainTextDocument" "<Anonymous>" "<Anonymous>" "mapply" "VCorpus" "createDTM" 
"structure" ".POSIXct" "Sys.time" "as.POSIXlt" "TextDocumentMeta" "PlainTextDocument" "<Anonymous>" "<Anonymous>" "mapply" "VCorpus" "createDTM" 
"mapply" "VCorpus" "createDTM" 
"stopifnot" "TextDocumentMeta" "PlainTextDocument" "<Anonymous>" "<Anonymous>" "mapply" "VCorpus" "createDTM" 
"as.POSIXlt.POSIXct" "as.POSIXlt" "TextDocumentMeta" "PlainTextDocument" "<Anonymous>" "<Anonymous>" "mapply" "VCorpus" "createDTM" 
"unserialize" "mclapply" "TermDocumentMatrix.VCorpus" "TermDocumentMatrix" "t" "DocumentTermMatrix" "createDTM" 
"unserialize" "mclapply" "TermDocumentMatrix.VCorpus" "TermDocumentMatrix" "t" "DocumentTermMatrix" "createDTM" 
"unserialize" "mclapply" "TermDocumentMatrix.VCorpus" "TermDocumentMatrix" "t" "DocumentTermMatrix" "createDTM" 
"FUN" "lapply" "TermDocumentMatrix.VCorpus" "TermDocumentMatrix" "t" "DocumentTermMatrix" "createDTM" 
"FUN" "lapply" "TermDocumentMatrix.VCorpus" "TermDocumentMatrix" "t" "DocumentTermMatrix" "createDTM" 
"unlist" "TermDocumentMatrix.VCorpus" "TermDocumentMatrix" "t" "DocumentTermMatrix" "createDTM" 
"unlist" "TermDocumentMatrix.VCorpus" "TermDocumentMatrix" "t" "DocumentTermMatrix" "createDTM" 
"unique.default" "unique" "sort" "TermDocumentMatrix.VCorpus" "TermDocumentMatrix" "t" "DocumentTermMatrix" "createDTM" 
"sort.int" "sort.default" "sort" "TermDocumentMatrix.VCorpus" "TermDocumentMatrix" "t" "DocumentTermMatrix" "createDTM" 
"sort.int" "sort.default" "sort" "TermDocumentMatrix.VCorpus" "TermDocumentMatrix" "t" "DocumentTermMatrix" "createDTM" 
"sort.int" "sort.default" "sort" "TermDocumentMatrix.VCorpus" "TermDocumentMatrix" "t" "DocumentTermMatrix" "createDTM" 
"sort.int" "sort.default" "sort" "TermDocumentMatrix.VCorpus" "TermDocumentMatrix" "t" "DocumentTermMatrix" "createDTM" 
"sort.int" "sort.default" "sort" "TermDocumentMatrix.VCorpus" "TermDocumentMatrix" "t" "DocumentTermMatrix" "createDTM" 
"sort.int" "sort.default" "sort" "TermDocumentMatrix.VCorpus" "TermDocumentMatrix" "t" "DocumentTermMatrix" "createDTM" 
"sort.int" "sort.default" "sort" "TermDocumentMatrix.VCorpus" "TermDocumentMatrix" "t" "DocumentTermMatrix" "createDTM" 
"sort.int" "sort.default" "sort" "TermDocumentMatrix.VCorpus" "TermDocumentMatrix" "t" "DocumentTermMatrix" "createDTM" 
"match" "TermDocumentMatrix.VCorpus" "TermDocumentMatrix" "t" "DocumentTermMatrix" "createDTM" 
"lapply" "setNames" "as.list.VCorpus" "as.list" "lapply" "meta.VCorpus" "meta" "TermDocumentMatrix.VCorpus" "TermDocumentMatrix" "t" "DocumentTermMatrix" "createDTM" 
"FUN" "lapply" "meta.VCorpus" "meta" "TermDocumentMatrix.VCorpus" "TermDocumentMatrix" "t" "DocumentTermMatrix" "createDTM" 
"deparse" "eval" "match.arg" "sort.list" "factor" "table" "removeSparseTerms" "createDTM" 
"as.character" "factor" "table" "removeSparseTerms" "createDTM" 
"as.character" "factor" "table" "removeSparseTerms" "createDTM" 
"as.character" "factor" "table" "removeSparseTerms" "createDTM" 
"match" "[.simple_triplet_matrix" "NextMethod" "[.DocumentTermMatrix" "[" "removeSparseTerms" "createDTM" 
"vector" "matrix" "as.matrix.simple_triplet_matrix" "as.matrix" "apply" "standardGeneric" "apply" "createDTM" 
"vector" "matrix" "as.matrix.simple_triplet_matrix" "as.matrix" "apply" "standardGeneric" "apply" "createDTM" 
"matrix" "as.matrix.simple_triplet_matrix" "as.matrix" "apply" "standardGeneric" "apply" "createDTM" 
"matrix" "as.matrix.simple_triplet_matrix" "as.matrix" "apply" "standardGeneric" "apply" "createDTM" 
"matrix" "as.matrix.simple_triplet_matrix" "as.matrix" "apply" "standardGeneric" "apply" "createDTM" 
"matrix" "as.matrix.simple_triplet_matrix" "as.matrix" "apply" "standardGeneric" "apply" "createDTM" 
"matrix" "as.matrix.simple_triplet_matrix" "as.matrix" "apply" "standardGeneric" "apply" "createDTM" 
"matrix" "as.matrix.simple_triplet_matrix" "as.matrix" "apply" "standardGeneric" "apply" "createDTM" 
"as.matrix.simple_triplet_matrix" "as.matrix" "apply" "standardGeneric" "apply" "createDTM" 
"aperm.default" "aperm" "apply" "standardGeneric" "apply" "createDTM" 
"aperm.default" "aperm" "apply" "standardGeneric" "apply" "createDTM" 
"aperm.default" "aperm" "apply" "standardGeneric" "apply" "createDTM" 
"apply" "standardGeneric" "apply" "createDTM" 
"apply" "standardGeneric" "apply" "createDTM" 
"apply" "standardGeneric" "apply" "createDTM" 
"apply" "standardGeneric" "apply" "createDTM" 
"apply" "standardGeneric" "apply" "createDTM" 
"apply" "standardGeneric" "apply" "createDTM" 
"apply" "standardGeneric" "apply" "createDTM" 
"apply" "standardGeneric" "apply" "createDTM" 
